<?xml version="1.0" encoding="UTF-8"?>
<!-- Generated by org.testng.reporters.JUnitXMLReporter -->
<testsuite hostname="Mervin-PC" name="Default test" tests="8" failures="0" timestamp="10 Mar 2017 17:59:50 GMT" time="306.397" errors="0">
  <testcase name="T01_AgregarDatosConctacto" time="55.12" classname="IExplorer.Claim_Vida_IE"/>
  <testcase name="T02_AgregarOtroDatoConctacto" time="52.517" classname="IExplorer.Claim_Vida_IE"/>
  <testcase name="T03_EditarDatosContacto" time="53.151" classname="IExplorer.Claim_Vida_IE"/>
  <testcase name="T04_EliminarDatosContacto" time="49.629" classname="IExplorer.Claim_Vida_IE"/>
  <testcase name="T05_ZAvanzarAdmitirExpediente" time="15.585" classname="IExplorer.Claim_Vida_IE"/>
  <testcase name="T06_DatosCobertura" time="13.574" classname="IExplorer.Claim_Vida_IE"/>
  <testcase name="T07_DatosSiniestro" time="9.863" classname="IExplorer.Claim_Vida_IE"/>
  <testcase name="T08_DatosBeneficiarios" time="39.22" classname="IExplorer.Claim_Vida_IE"/>
</testsuite> <!-- Default test -->
